#-----------------------------------------------------------
# Vivado v2018.2 (64-bit)
# SW Build 2258646 on Thu Jun 14 20:03:12 MDT 2018
# IP Build 2256618 on Thu Jun 14 22:10:49 MDT 2018
# Start of session at: Mon Oct 21 10:13:41 2024
# Process ID: 2068
# Current directory: C:/Users/Administrator/Desktop/RISCV_FPGA/openc906_FPGA
# Command line: vivado.exe -gui_launcher_event rodinguilauncherevent1388 C:\Users\Administrator\Desktop\RISCV_FPGA\openc906_FPGA\openc906_FPGA.xpr
# Log file: C:/Users/Administrator/Desktop/RISCV_FPGA/openc906_FPGA/vivado.log
# Journal file: C:/Users/Administrator/Desktop/RISCV_FPGA/openc906_FPGA\vivado.jou
#-----------------------------------------------------------
start_gui
open_project C:/Users/Administrator/Desktop/RISCV_FPGA/openc906_FPGA/openc906_FPGA.xpr
Scanning sources...
Finished scanning sources
INFO: [IP_Flow 19-234] Refreshing IP repositories
INFO: [IP_Flow 19-1700] Loaded user IP repository 'c:/Xilinx_my_IP'.
INFO: [IP_Flow 19-2313] Loaded Vivado IP repository 'C:/Xilinx/Vivado/2018.2/data/ip'.
open_project: Time (s): cpu = 00:00:14 ; elapsed = 00:00:11 . Memory (MB): peak = 881.617 ; gain = 160.152
exit
INFO: [Common 17-206] Exiting Vivado at Mon Oct 21 11:37:26 2024...
